[2012-08-17 07:49:27][debug] xxxxxxxxxxxxxx[2012-08-17 07:49:27][debug] xxxxxxxxxxxxxx[2012-08-17 07:49:28][debug] xxxxxxxxxxxxxx[2012-08-17 07:49:28][debug] xxxxxxxxxxxxxx[2012-08-17 07:50:30][debug] xxxxxxxxxxxxxx\n[2012-08-17 07:50:30][debug] xxxxxxxxxxxxxx\n[2012-08-17 07:50:30][debug] xxxxxxxxxxxxxx\n[2012-08-17 07:50:30][debug] xxxxxxxxxxxxxx\n[2012-08-17 07:51:03][debug] xxxxxxxxxxxxxx
[2012-08-17 07:51:04][debug] xxxxxxxxxxxxxx
[2012-08-17 07:51:04][debug] xxxxxxxxxxxxxx
[2012-08-17 07:51:04][debug] xxxxxxxxxxxxxx
[2012-08-17 07:51:04][debug] xxxxxxxxxxxxxx
[2012-08-17 07:51:04][debug] xxxxxxxxxxxxxx
[2012-08-17 07:51:58][debug] xxxxxxxxxxxxxx11
[2012-08-17 07:51:58][warn] xxxxxxxxxxxxxx44
[2012-08-17 07:51:58][debug] xxxxxxxxxxxxxx55
[2012-08-17 07:51:59][debug] xxxxxxxxxxxxxx11
[2012-08-17 07:51:59][warn] xxxxxxxxxxxxxx44
[2012-08-17 07:51:59][debug] xxxxxxxxxxxxxx55
[2012-08-17 07:51:59][debug] xxxxxxxxxxxxxx11
[2012-08-17 07:51:59][warn] xxxxxxxxxxxxxx44
[2012-08-17 07:51:59][debug] xxxxxxxxxxxxxx55
[2012-08-17 07:51:59][debug] xxxxxxxxxxxxxx11
[2012-08-17 07:51:59][warn] xxxxxxxxxxxxxx44
[2012-08-17 07:51:59][debug] xxxxxxxxxxxxxx55
[2012-08-17 07:51:59][debug] xxxxxxxxxxxxxx11
[2012-08-17 07:51:59][warn] xxxxxxxxxxxxxx44
[2012-08-17 07:51:59][debug] xxxxxxxxxxxxxx55
[2012-08-17 07:54:14][debug] xxxxxxxxxxxxxx11
[2012-08-17 07:54:14][warn] xxxxxxxxxxxxxx44
[2012-08-17 07:54:14][debug] xxxxxxxxxxxxxx55
[2012-08-17 07:55:07][debug] xxxxxxxxxxxxxx11
[2012-08-17 07:55:07][warn] xxxxxxxxxxxxxx44
[2012-08-17 07:55:07][debug] xxxxxxxxxxxxxx55
[2012-08-17 07:55:32][debug] xxxxxxxxxxxxxx11
[2012-08-17 07:55:32][warn] xxxxxxxxxxxxxx44
[2012-08-17 07:55:32][debug] xxxxxxxxxxxxxx55
[2012-08-17 07:57:17][debug] xxxxxxxxxxxxxx11
[2012-08-17 07:57:17][error] xxxxxxxxxxxxxx22
[2012-08-17 07:57:17][info] xxxxxxxxxxxxxx33
[2012-08-17 07:57:17][warn] xxxxxxxxxxxxxx44
[2012-08-17 07:57:17][debug] xxxxxxxxxxxxxx55
[2012-08-17 07:57:55][debug] xxxxxxxxxxxxxx11
[2012-08-17 07:57:55][error] xxxxxxxxxxxxxx22
[2012-08-17 07:57:55][info] xxxxxxxxxxxxxx33
[2012-08-17 07:57:55][warn] xxxxxxxxxxxxxx44
[2012-08-17 07:57:55][debug] xxxxxxxxxxxxxx55
[2012-08-17 07:57:57][debug] xxxxxxxxxxxxxx11
[2012-08-17 07:57:57][error] xxxxxxxxxxxxxx22
[2012-08-17 07:57:57][info] xxxxxxxxxxxxxx33
[2012-08-17 07:57:57][warn] xxxxxxxxxxxxxx44
[2012-08-17 07:57:57][debug] xxxxxxxxxxxxxx55
[2012-08-17 07:57:57][debug] xxxxxxxxxxxxxx11
[2012-08-17 07:57:57][error] xxxxxxxxxxxxxx22
[2012-08-17 07:57:57][info] xxxxxxxxxxxxxx33
[2012-08-17 07:57:57][warn] xxxxxxxxxxxxxx44
[2012-08-17 07:57:57][debug] xxxxxxxxxxxxxx55
[2012-08-17 07:57:57][debug] xxxxxxxxxxxxxx11
[2012-08-17 07:57:57][error] xxxxxxxxxxxxxx22
[2012-08-17 07:57:57][info] xxxxxxxxxxxxxx33
[2012-08-17 07:57:57][warn] xxxxxxxxxxxxxx44
[2012-08-17 07:57:57][debug] xxxxxxxxxxxxxx55
[2012-08-17 07:57:57][debug] xxxxxxxxxxxxxx11
[2012-08-17 07:57:57][error] xxxxxxxxxxxxxx22
[2012-08-17 07:57:57][info] xxxxxxxxxxxxxx33
[2012-08-17 07:57:57][warn] xxxxxxxxxxxxxx44
[2012-08-17 07:57:57][debug] xxxxxxxxxxxxxx55
[2012-08-17 07:57:58][debug] xxxxxxxxxxxxxx11
[2012-08-17 07:57:58][error] xxxxxxxxxxxxxx22
[2012-08-17 07:57:58][info] xxxxxxxxxxxxxx33
[2012-08-17 07:57:58][warn] xxxxxxxxxxxxxx44
[2012-08-17 07:57:58][debug] xxxxxxxxxxxxxx55
[2012-08-17 07:57:58][debug] xxxxxxxxxxxxxx11
[2012-08-17 07:57:58][error] xxxxxxxxxxxxxx22
[2012-08-17 07:57:58][info] xxxxxxxxxxxxxx33
[2012-08-17 07:57:58][warn] xxxxxxxxxxxxxx44
[2012-08-17 07:57:58][debug] xxxxxxxxxxxxxx55
[2012-08-17 07:57:58][debug] xxxxxxxxxxxxxx11
[2012-08-17 07:57:58][error] xxxxxxxxxxxxxx22
[2012-08-17 07:57:58][info] xxxxxxxxxxxxxx33
[2012-08-17 07:57:58][warn] xxxxxxxxxxxxxx44
[2012-08-17 07:57:58][debug] xxxxxxxxxxxxxx55
[2012-08-17 07:57:58][debug] xxxxxxxxxxxxxx11
[2012-08-17 07:57:58][error] xxxxxxxxxxxxxx22
[2012-08-17 07:57:58][info] xxxxxxxxxxxxxx33
[2012-08-17 07:57:58][warn] xxxxxxxxxxxxxx44
[2012-08-17 07:57:58][debug] xxxxxxxxxxxxxx55
[2012-08-17 07:57:59][debug] xxxxxxxxxxxxxx11
[2012-08-17 07:57:59][error] xxxxxxxxxxxxxx22
[2012-08-17 07:57:59][info] xxxxxxxxxxxxxx33
[2012-08-17 07:57:59][warn] xxxxxxxxxxxxxx44
[2012-08-17 07:57:59][debug] xxxxxxxxxxxxxx55
[2012-08-17 07:57:59][debug] xxxxxxxxxxxxxx11
[2012-08-17 07:57:59][error] xxxxxxxxxxxxxx22
[2012-08-17 07:57:59][info] xxxxxxxxxxxxxx33
[2012-08-17 07:57:59][warn] xxxxxxxxxxxxxx44
[2012-08-17 07:57:59][debug] xxxxxxxxxxxxxx55
[2012-08-17 07:58:00][debug] xxxxxxxxxxxxxx11
[2012-08-17 07:58:00][error] xxxxxxxxxxxxxx22
[2012-08-17 07:58:00][info] xxxxxxxxxxxxxx33
[2012-08-17 07:58:00][warn] xxxxxxxxxxxxxx44
[2012-08-17 07:58:00][debug] xxxxxxxxxxxxxx55
[2012-08-17 07:58:00][debug] xxxxxxxxxxxxxx11
[2012-08-17 07:58:00][error] xxxxxxxxxxxxxx22
[2012-08-17 07:58:00][info] xxxxxxxxxxxxxx33
[2012-08-17 07:58:00][warn] xxxxxxxxxxxxxx44
[2012-08-17 07:58:00][debug] xxxxxxxxxxxxxx55
[2012-08-17 07:58:00][debug] xxxxxxxxxxxxxx11
[2012-08-17 07:58:00][error] xxxxxxxxxxxxxx22
[2012-08-17 07:58:00][info] xxxxxxxxxxxxxx33
[2012-08-17 07:58:00][warn] xxxxxxxxxxxxxx44
[2012-08-17 07:58:00][debug] xxxxxxxxxxxxxx55
[2012-08-17 07:58:00][debug] xxxxxxxxxxxxxx11
[2012-08-17 07:58:00][error] xxxxxxxxxxxxxx22
[2012-08-17 07:58:00][info] xxxxxxxxxxxxxx33
[2012-08-17 07:58:00][warn] xxxxxxxxxxxxxx44
[2012-08-17 07:58:00][debug] xxxxxxxxxxxxxx55
[2012-08-17 07:58:00][debug] xxxxxxxxxxxxxx11
[2012-08-17 07:58:00][error] xxxxxxxxxxxxxx22
[2012-08-17 07:58:00][info] xxxxxxxxxxxxxx33
[2012-08-17 07:58:00][warn] xxxxxxxxxxxxxx44
[2012-08-17 07:58:00][debug] xxxxxxxxxxxxxx55
[2012-08-17 07:58:01][debug] xxxxxxxxxxxxxx11
[2012-08-17 07:58:01][error] xxxxxxxxxxxxxx22
[2012-08-17 07:58:01][info] xxxxxxxxxxxxxx33
[2012-08-17 07:58:01][warn] xxxxxxxxxxxxxx44
[2012-08-17 07:58:01][debug] xxxxxxxxxxxxxx55
[2012-08-17 08:01:30][debug] xxxxxxxxxxxxxx11
[2012-08-17 08:01:30][debug] xxxxxxxxxxxxxx55
[2012-08-17 08:01:30][debug] xxxxxxxxxxxxxx11
[2012-08-17 08:01:30][debug] xxxxxxxxxxxxxx55
[2012-08-17 08:02:17][error] xxxxxxxxxxxxxx22
[2012-08-17 08:02:18][error] xxxxxxxxxxxxxx22
[2012-08-17 08:11:44][error] xxxxxxxxxxxxxx22
[2012-08-17 08:17:07][error] xxxxxxxxxxxxxx22
[2012-08-17 08:17:10][error] xxxxxxxxxxxxxx22
[2012-08-17 08:17:10][error] xxxxxxxxxxxxxx22
[2012-08-17 08:17:10][error] xxxxxxxxxxxxxx22
[2012-08-17 08:43:11][error] xxxxxxxxxxxxxx22
[2012-08-17 08:43:47][error] xxxxxxxxxxxxxx22
